02/10/2020 22:24:45 initpacketlib
02/10/2020 22:24:45 initlib
02/10/2020 22:24:46 wpcap.dll found
02/10/2020 22:24:46 packet.dll found
02/10/2020 22:24:46 init oem
02/10/2020 22:24:46 init done
02/10/2020 22:24:46 initpacketlib done
02/10/2020 22:24:46 installed?
02/10/2020 22:24:46 yes
02/10/2020 22:24:46 GetNames
02/10/2020 22:24:46 \Device\WPRO_40_901_{A593D2C0-2DCC-4C70-BEA4-7D8D7DC4EAAC}
02/10/2020 22:24:46 \Device\WPRO_40_901_{2A21D818-6C1F-413A-9147-A9164203F773}
02/10/2020 22:24:46 \Device\WPRO_40_901_{8A64832D-4082-4E4C-888E-62DB0592767C}
02/10/2020 22:24:46 \Device\WPRO_40_901_{3EE39282-C6F4-45BA-875A-60146F7FB0EA}
02/10/2020 22:24:46 \Device\WPRO_40_901_{9003F7D3-C83F-4AEF-99AD-AF44F061AE1E}
02/10/2020 22:24:46 \Device\WPRO_40_901_{A593D2C0-2DCC-4C70-BEA4-7D8D7DC4EAAC}=Microsoft
02/10/2020 22:24:46 \Device\WPRO_40_901_{2A21D818-6C1F-413A-9147-A9164203F773}=Microsoft
02/10/2020 22:24:46 \Device\WPRO_40_901_{8A64832D-4082-4E4C-888E-62DB0592767C}=Microsoft
02/10/2020 22:24:46 \Device\WPRO_40_901_{3EE39282-C6F4-45BA-875A-60146F7FB0EA}=Microsoft
02/10/2020 22:24:46 \Device\WPRO_40_901_{9003F7D3-C83F-4AEF-99AD-AF44F061AE1E}=Realtek Ethernet Controller
02/10/2020 22:24:46 GetNames done
02/10/2020 22:24:46 installed?
02/10/2020 22:24:46 yes
